<?xml version="1.0" encoding="UTF-8"?>
<!-- Generated by org.testng.reporters.JUnitXMLReporter -->
<testsuite ignored="0" hostname="NeonZaraan" failures="0" tests="4" name="Test" time="72.874" errors="0" timestamp="2023-04-05T10:01:53 EDT">
  <testcase classname="intregratedTestNG.CreateLead" name="createlead" time="7.357"/>
  <testcase classname="intregratedTestNG.CreateLead" name="createlead" time="6.647"/>
  <testcase classname="intregratedTestNG.CreateLead" name="createlead" time="6.334"/>
  <testcase classname="intregratedTestNG.CreateLead" name="createlead" time="6.98"/>
</testsuite> <!-- Test -->
