<?xml version="1.0" encoding="UTF-8"?>
<testng-results ignored="0" total="8" passed="8" failed="0" skipped="0">
  <reporter-output>
  </reporter-output>
  <suite started-at="2023-05-02T06:44:09 EDT" name="Default suite" finished-at="2023-05-02T06:45:56 EDT" duration-ms="106415">
    <groups>
      <group name="cucumber">
        <method signature="AbstractTestNGCucumberTests.runScenario(cucumber.api.testng.PickleEventWrapper,cucumber.api.testng.CucumberFeatureWrapper)[pri:0, instance:steps.TestRunner@6392827e]" name="runScenario" class="cucumber.api.testng.AbstractTestNGCucumberTests"/>
      </group> <!-- cucumber -->
    </groups>
    <test started-at="2023-05-02T06:44:09 EDT" name="Default test" finished-at="2023-05-02T06:45:56 EDT" duration-ms="106415">
      <class name="steps.TestRunner">
        <test-method is-config="true" signature="setUpClass()[pri:0, instance:steps.TestRunner@6392827e]" started-at="2023-05-02T06:44:09 EDT" name="setUpClass" finished-at="2023-05-02T06:44:09 EDT" duration-ms="87" status="PASS">
          <reporter-output>
          </reporter-output>
        </test-method> <!-- setUpClass -->
        <test-method signature="runScenario(cucumber.api.testng.PickleEventWrapper,cucumber.api.testng.CucumberFeatureWrapper)[pri:0, instance:steps.TestRunner@6392827e]" started-at="2023-05-02T06:44:09 EDT" name="runScenario" description="Runs Cucumber Scenarios" data-provider="scenarios" finished-at="2023-05-02T06:44:15 EDT" duration-ms="5308" status="PASS">
          <params>
            <param index="0">
              <value>
                <![CDATA["TC001_verify succesful Login and Logout"]]>
              </value>
            </param>
            <param index="1">
              <value>
                <![CDATA["verify the functionality of Automate Leaftaps Application"]]>
              </value>
            </param>
          </params>
          <reporter-output>
          </reporter-output>
        </test-method> <!-- runScenario -->
        <test-method signature="runScenario(cucumber.api.testng.PickleEventWrapper,cucumber.api.testng.CucumberFeatureWrapper)[pri:0, instance:steps.TestRunner@6392827e]" started-at="2023-05-02T06:44:15 EDT" name="runScenario" description="Runs Cucumber Scenarios" data-provider="scenarios" finished-at="2023-05-02T06:44:19 EDT" duration-ms="3910" status="PASS">
          <params>
            <param index="0">
              <value>
                <![CDATA["TC001_verify succesful Login and Logout"]]>
              </value>
            </param>
            <param index="1">
              <value>
                <![CDATA["verify the functionality of Automate Leaftaps Application"]]>
              </value>
            </param>
          </params>
          <reporter-output>
          </reporter-output>
        </test-method> <!-- runScenario -->
        <test-method signature="runScenario(cucumber.api.testng.PickleEventWrapper,cucumber.api.testng.CucumberFeatureWrapper)[pri:0, instance:steps.TestRunner@6392827e]" started-at="2023-05-02T06:44:19 EDT" name="runScenario" description="Runs Cucumber Scenarios" data-provider="scenarios" finished-at="2023-05-02T06:44:22 EDT" duration-ms="3517" status="PASS">
          <params>
            <param index="0">
              <value>
                <![CDATA["TC002_verify the unsuccessful login by invalid username as false"]]>
              </value>
            </param>
            <param index="1">
              <value>
                <![CDATA["verify the functionality of Automate Leaftaps Application"]]>
              </value>
            </param>
          </params>
          <reporter-output>
          </reporter-output>
        </test-method> <!-- runScenario -->
        <test-method signature="runScenario(cucumber.api.testng.PickleEventWrapper,cucumber.api.testng.CucumberFeatureWrapper)[pri:0, instance:steps.TestRunner@6392827e]" started-at="2023-05-02T06:44:22 EDT" name="runScenario" description="Runs Cucumber Scenarios" data-provider="scenarios" finished-at="2023-05-02T06:44:26 EDT" duration-ms="3590" status="PASS">
          <params>
            <param index="0">
              <value>
                <![CDATA["TC003_verify the unsuccessful login by invalid password as invalid"]]>
              </value>
            </param>
            <param index="1">
              <value>
                <![CDATA["verify the functionality of Automate Leaftaps Application"]]>
              </value>
            </param>
          </params>
          <reporter-output>
          </reporter-output>
        </test-method> <!-- runScenario -->
        <test-method signature="runScenario(cucumber.api.testng.PickleEventWrapper,cucumber.api.testng.CucumberFeatureWrapper)[pri:0, instance:steps.TestRunner@6392827e]" started-at="2023-05-02T06:44:26 EDT" name="runScenario" description="Runs Cucumber Scenarios" data-provider="scenarios" finished-at="2023-05-02T06:44:43 EDT" duration-ms="17376" status="PASS">
          <params>
            <param index="0">
              <value>
                <![CDATA["verify the functionality of create leads"]]>
              </value>
            </param>
            <param index="1">
              <value>
                <![CDATA["verify the functionality of Automate Leaftaps Application"]]>
              </value>
            </param>
          </params>
          <reporter-output>
          </reporter-output>
        </test-method> <!-- runScenario -->
        <test-method signature="runScenario(cucumber.api.testng.PickleEventWrapper,cucumber.api.testng.CucumberFeatureWrapper)[pri:0, instance:steps.TestRunner@6392827e]" started-at="2023-05-02T06:44:43 EDT" name="runScenario" description="Runs Cucumber Scenarios" data-provider="scenarios" finished-at="2023-05-02T06:45:16 EDT" duration-ms="33023" status="PASS">
          <params>
            <param index="0">
              <value>
                <![CDATA["verify the functionality of create leads"]]>
              </value>
            </param>
            <param index="1">
              <value>
                <![CDATA["verify the functionality of Automate Leaftaps Application"]]>
              </value>
            </param>
          </params>
          <reporter-output>
          </reporter-output>
        </test-method> <!-- runScenario -->
        <test-method signature="runScenario(cucumber.api.testng.PickleEventWrapper,cucumber.api.testng.CucumberFeatureWrapper)[pri:0, instance:steps.TestRunner@6392827e]" started-at="2023-05-02T06:45:16 EDT" name="runScenario" description="Runs Cucumber Scenarios" data-provider="scenarios" finished-at="2023-05-02T06:45:36 EDT" duration-ms="20020" status="PASS">
          <params>
            <param index="0">
              <value>
                <![CDATA["verify the functionality of create leads"]]>
              </value>
            </param>
            <param index="1">
              <value>
                <![CDATA["verify the functionality of Automate Leaftaps Application"]]>
              </value>
            </param>
          </params>
          <reporter-output>
          </reporter-output>
        </test-method> <!-- runScenario -->
        <test-method signature="runScenario(cucumber.api.testng.PickleEventWrapper,cucumber.api.testng.CucumberFeatureWrapper)[pri:0, instance:steps.TestRunner@6392827e]" started-at="2023-05-02T06:45:36 EDT" name="runScenario" description="Runs Cucumber Scenarios" data-provider="scenarios" finished-at="2023-05-02T06:45:55 EDT" duration-ms="19373" status="PASS">
          <params>
            <param index="0">
              <value>
                <![CDATA["verify the functionality of duplicate lead"]]>
              </value>
            </param>
            <param index="1">
              <value>
                <![CDATA["verify the functionality of Automate Leaftaps Application"]]>
              </value>
            </param>
          </params>
          <reporter-output>
          </reporter-output>
        </test-method> <!-- runScenario -->
        <test-method is-config="true" signature="tearDownClass()[pri:0, instance:steps.TestRunner@6392827e]" started-at="2023-05-02T06:45:55 EDT" name="tearDownClass" finished-at="2023-05-02T06:45:56 EDT" duration-ms="126" status="PASS">
          <reporter-output>
          </reporter-output>
        </test-method> <!-- tearDownClass -->
      </class> <!-- steps.TestRunner -->
    </test> <!-- Default test -->
  </suite> <!-- Default suite -->
</testng-results>
